2021-01-17 14:58:31 INFO  Reg_Screen1:32 - User_Name has been Entered
2021-01-17 14:58:32 INFO  Reg_Screen1:39 - User_Phone_Number has been Entered
2021-01-17 14:58:33 INFO  Reg_Screen1:45 - Clicked on Submit Button
2021-01-17 14:58:42 INFO  Reg_Screen2:32 - User choose City
2021-01-17 14:58:44 INFO  Reg_Screen2:39 - User filled Area details
2021-01-17 14:58:45 INFO  Reg_Screen2:45 - Clicked on Submit Button
2021-01-17 14:58:47 INFO  Reg_Screen3:52 - User select gender
2021-01-17 14:58:47 INFO  Reg_Screen3:59 - User select highest Qualification
2021-01-17 14:58:48 INFO  Reg_Screen3:66 - User click on medium of education
2021-01-17 14:58:49 INFO  Reg_Screen3:73 - User choose Fluency in English
2021-01-17 14:58:51 INFO  Reg_Screen3:80 - User Selected Experience
2021-01-17 14:58:53 INFO  Reg_Screen3:89 - User select Age
2021-01-17 14:58:53 INFO  Reg_Screen3:97 - User choose Area of Interest
2021-01-17 14:58:55 INFO  Reg_Screen3:103 - Clicked on Submit Button
2021-01-17 14:58:59 INFO  Reg_Screen4:56 - User provides all his office skills
2021-01-17 14:59:01 INFO  Reg_Screen4:68 - User choose Degree
2021-01-17 15:01:30 INFO  Reg_Screen1:32 - User_Name has been Entered
2021-01-17 15:01:31 INFO  Reg_Screen1:39 - User_Phone_Number has been Entered
2021-01-17 15:01:32 INFO  Reg_Screen1:45 - Clicked on Submit Button
2021-01-17 15:01:40 INFO  Reg_Screen2:32 - User choose City
2021-01-17 15:01:42 INFO  Reg_Screen2:39 - User filled Area details
2021-01-17 15:01:43 INFO  Reg_Screen2:45 - Clicked on Submit Button
2021-01-17 15:01:45 INFO  Reg_Screen3:52 - User select gender
2021-01-17 15:01:46 INFO  Reg_Screen3:59 - User select highest Qualification
2021-01-17 15:01:47 INFO  Reg_Screen3:66 - User click on medium of education
2021-01-17 15:01:47 INFO  Reg_Screen3:73 - User choose Fluency in English
2021-01-17 15:01:49 INFO  Reg_Screen3:80 - User Selected Experience
2021-01-17 15:01:51 INFO  Reg_Screen3:89 - User select Age
2021-01-17 15:01:52 INFO  Reg_Screen3:97 - User choose Area of Interest
2021-01-17 15:01:53 INFO  Reg_Screen3:103 - Clicked on Submit Button
